<?xml version="1.0" encoding="UTF-8" ?>
<testsuite tests="36" failures="0" name="edu.yu.cs.com1320.project.stage5.impl.DocumentStoreImplTest" time="0.501" errors="0" skipped="0">
  <properties>
[...]
</properties>
  <testcase classname="edu.yu.cs.com1320.project.stage5.impl.DocumentStoreImplTest" name="stage3DeleteAllWithPrefix" time="0.022"/>
  <testcase classname="edu.yu.cs.com1320.project.stage5.impl.DocumentStoreImplTest" name="stage3SearchPDFs" time="0.045"/>
  <testcase classname="edu.yu.cs.com1320.project.stage5.impl.DocumentStoreImplTest" name="stage4TestUpdateDocLastUseTimeOnSearchPDFs" time="0.019"/>
  <testcase classname="edu.yu.cs.com1320.project.stage5.impl.DocumentStoreImplTest" name="stage4TestUpdateDocLastUseTimeOnSearch" time="0.009"/>
  <testcase classname="edu.yu.cs.com1320.project.stage5.impl.DocumentStoreImplTest" name="stage3SearchByPrefix" time="0.009"/>
  <testcase classname="edu.yu.cs.com1320.project.stage5.impl.DocumentStoreImplTest" name="stage4TestMaxDocBytesViaSearch" time="0.042"/>
  <testcase classname="edu.yu.cs.com1320.project.stage5.impl.DocumentStoreImplTest" name="testPutPdfDocumentNoPreviousDocAtURI" time="0.006"/>
  <testcase classname="edu.yu.cs.com1320.project.stage5.impl.DocumentStoreImplTest" name="stage4TestMaxDocCountViaPut" time="0.02"/>
  <testcase classname="edu.yu.cs.com1320.project.stage5.impl.DocumentStoreImplTest" name="stage4TestMaxDocsWhenDoubleMaxViaPut" time="0.018"/>
  <testcase classname="edu.yu.cs.com1320.project.stage5.impl.DocumentStoreImplTest" name="stage3TestSearchByKeyword" time="0.016"/>
  <testcase classname="edu.yu.cs.com1320.project.stage5.impl.DocumentStoreImplTest" name="stage4TestNoUpdateDocLastUseTimeOnProtectedGet" time="0.006"/>
  <testcase classname="edu.yu.cs.com1320.project.stage5.impl.DocumentStoreImplTest" name="stage4TestUpdateDocLastUseTimeOnSearchByPrefix" time="0.005"/>
  <testcase classname="edu.yu.cs.com1320.project.stage5.impl.DocumentStoreImplTest" name="stage4TestMaxBytesWhenDoubleMaxViaPut" time="0.021"/>
  <testcase classname="edu.yu.cs.com1320.project.stage5.impl.DocumentStoreImplTest" name="testPutNewVersionOfDocumentPdf" time="0.017"/>
  <testcase classname="edu.yu.cs.com1320.project.stage5.impl.DocumentStoreImplTest" name="testPutNewVersionOfDocumentTxt" time="0.009"/>
  <testcase classname="edu.yu.cs.com1320.project.stage5.impl.DocumentStoreImplTest" name="testGetTxtDocAsPdf" time="0.007"/>
  <testcase classname="edu.yu.cs.com1320.project.stage5.impl.DocumentStoreImplTest" name="testGetTxtDocAsTxt" time="0.054"/>
  <testcase classname="edu.yu.cs.com1320.project.stage5.impl.DocumentStoreImplTest" name="stage4TestUpdateDocLastUseTimeOnSearchPDFsByPrefix" time="0.006"/>
  <testcase classname="edu.yu.cs.com1320.project.stage5.impl.DocumentStoreImplTest" name="stage3DeleteAll" time="0.024"/>
  <testcase classname="edu.yu.cs.com1320.project.stage5.impl.DocumentStoreImplTest" name="stage4TestUndoAfterMaxBytes" time="0.012"/>
  <testcase classname="edu.yu.cs.com1320.project.stage5.impl.DocumentStoreImplTest" name="stage4TestUpdateDocLastUseTimeOnPut" time="0.008"/>
  <testcase classname="edu.yu.cs.com1320.project.stage5.impl.DocumentStoreImplTest" name="stage3TestDeleteAllByKeyword" time="0.015"/>
  <testcase classname="edu.yu.cs.com1320.project.stage5.impl.DocumentStoreImplTest" name="stage4TestUndoAfterMaxDocCount" time="0.016"/>
  <testcase classname="edu.yu.cs.com1320.project.stage5.impl.DocumentStoreImplTest" name="testDeleteDoc" time="0.012"/>
  <testcase classname="edu.yu.cs.com1320.project.stage5.impl.DocumentStoreImplTest" name="testDeleteDocReturnValue" time="0.004"/>
  <testcase classname="edu.yu.cs.com1320.project.stage5.impl.DocumentStoreImplTest" name="stage3TestSearchByPrefix" time="0.011"/>
  <testcase classname="edu.yu.cs.com1320.project.stage5.impl.DocumentStoreImplTest" name="stage3SearchPDFsByPrefix" time="0.008"/>
  <testcase classname="edu.yu.cs.com1320.project.stage5.impl.DocumentStoreImplTest" name="stage4TestUpdateDocLastUseTimeOnOverwrite" time="0.006"/>
  <testcase classname="edu.yu.cs.com1320.project.stage5.impl.DocumentStoreImplTest" name="stage3Search" time="0.003"/>
  <testcase classname="edu.yu.cs.com1320.project.stage5.impl.DocumentStoreImplTest" name="stage4TestMaxDocBytesViaPut" time="0.012"/>
  <testcase classname="edu.yu.cs.com1320.project.stage5.impl.DocumentStoreImplTest" name="testPutTxtDocumentNoPreviousDocAtURI" time="0.003"/>
  <testcase classname="edu.yu.cs.com1320.project.stage5.impl.DocumentStoreImplTest" name="testGetPdfDocAsPdf" time="0.006"/>
  <testcase classname="edu.yu.cs.com1320.project.stage5.impl.DocumentStoreImplTest" name="testGetPdfDocAsTxt" time="0.003"/>
  <testcase classname="edu.yu.cs.com1320.project.stage5.impl.DocumentStoreImplTest" name="stage3TestDeleteAllByPrefix" time="0.011"/>
  <testcase classname="edu.yu.cs.com1320.project.stage5.impl.DocumentStoreImplTest" name="testPutDocumentWithNullArguments" time="0.002"/>
  <testcase classname="edu.yu.cs.com1320.project.stage5.impl.DocumentStoreImplTest" name="stage4TestMaxDocCountViaSearch" time="0.014"/>
</testsuite>